Livneh_86_4a

   Estimate Std. Error t value Pr(>|t|)    
k1  0.84887    0.09103   9.325    3e-06 ***
---
Signif. codes:  0 ‘***’ 0.001 ‘**’ 0.01 ‘*’ 0.05 ‘.’ 0.1 ‘ ’ 1
--
   Estimate Std. Error t value Pr(>|t|)    
k1  2.95586    0.40659   7.270 4.71e-05 ***
k2  0.24002    0.03513   6.832 7.62e-05 ***
---
  Res.Df Res.Sum Sq Df   Sum Sq F value   Pr(>F)   
1     10  0.0262883                                
2      9  0.0087152  1 0.017573  18.147 0.002111 **
---
========

Livneh_86_4d

   Estimate Std. Error t value Pr(>|t|)    
k1  0.99605    0.03467   28.73 3.65e-10 ***
---
Signif. codes:  0 ‘***’ 0.001 ‘**’ 0.01 ‘*’ 0.05 ‘.’ 0.1 ‘ ’ 1
--
   Estimate Std. Error t value Pr(>|t|)    
k1  1.81292    0.15851   11.44 3.09e-06 ***
k2  0.54394    0.04626   11.76 2.50e-06 ***
---
  Res.Df Res.Sum Sq Df     Sum Sq F value Pr(>F)
1      9  0.0024053                             
2      8  0.0020499  1 0.00035536  1.3868 0.2728
       df       AIC
========

Pike_08_F2_24K

   Estimate Std. Error t value Pr(>|t|)    
k1   3.2643     0.1413   23.09 1.52e-12 ***
---
Signif. codes:  0 ‘***’ 0.001 ‘**’ 0.01 ‘*’ 0.05 ‘.’ 0.1 ‘ ’ 1
--
   Estimate Std. Error t value Pr(>|t|)    
k1   7.1999     0.7559   9.525 3.16e-07 ***
k2   1.4868     0.1540   9.655 2.70e-07 ***
---
  Res.Df Res.Sum Sq Df    Sum Sq F value Pr(>F)
1     14  0.0088198                            
2     13  0.0082101  1 0.0006097  0.9654 0.3438
       df       AIC
========

Pike_08_F2_447K

   Estimate Std. Error t value Pr(>|t|)    
k1   1.9804     0.1472   13.46 2.12e-09 ***
---
Signif. codes:  0 ‘***’ 0.001 ‘**’ 0.01 ‘*’ 0.05 ‘.’ 0.1 ‘ ’ 1
--
   Estimate Std. Error t value Pr(>|t|)    
k1  6.70142    0.36170   18.53 9.94e-11 ***
k2  0.57663    0.03062   18.83 8.11e-11 ***
---
  Res.Df Res.Sum Sq Df   Sum Sq F value    Pr(>F)    
1     14  0.0260194                                  
2     13  0.0026508  1 0.023369   114.6 8.115e-08 ***
---
========

Pike_08_F2_92K

   Estimate Std. Error t value Pr(>|t|)    
k1  2.69002    0.06859   39.22 6.91e-15 ***
---
Signif. codes:  0 ‘***’ 0.001 ‘**’ 0.01 ‘*’ 0.05 ‘.’ 0.1 ‘ ’ 1
--
   Estimate Std. Error t value Pr(>|t|)    
k1  5.85593    0.32933   17.78 5.48e-10 ***
k2  1.22938    0.07205   17.06 8.84e-10 ***
---
  Res.Df Res.Sum Sq Df     Sum Sq F value Pr(>F)
1     13  0.0026426                             
2     12  0.0021490  1 0.00049365  2.7566 0.1227
       df       AIC
========

Pike_08_F5a_87K

   Estimate Std. Error t value Pr(>|t|)    
k1  0.54485    0.01895   28.76 7.47e-14 ***
---
Signif. codes:  0 ‘***’ 0.001 ‘**’ 0.01 ‘*’ 0.05 ‘.’ 0.1 ‘ ’ 1
--
   Estimate Std. Error t value Pr(>|t|)    
k1  1.14640    0.10106   11.34 4.09e-08 ***
k2  0.25735    0.02488   10.34 1.22e-07 ***
---
  Res.Df Res.Sum Sq Df     Sum Sq F value Pr(>F)
1     14  0.0056640                             
2     13  0.0054948  1 0.00016923  0.4004 0.5379
       df       AIC
========

Pike_08_F5b_173K

   Estimate Std. Error t value Pr(>|t|)    
k1  0.56180    0.01827   30.75 5.78e-15 ***
---
Signif. codes:  0 ‘***’ 0.001 ‘**’ 0.01 ‘*’ 0.05 ‘.’ 0.1 ‘ ’ 1
--
   Estimate Std. Error t value Pr(>|t|)    
k1  1.16325    0.09634   12.07 8.64e-09 ***
k2  0.27136    0.02279   11.91 1.03e-08 ***
---
  Res.Df Res.Sum Sq Df     Sum Sq F value Pr(>F)
1     15  0.0055414                             
2     14  0.0054590  1 8.2405e-05  0.2113 0.6528
       df       AIC
========

Pike_08_F5b_41K

   Estimate Std. Error t value Pr(>|t|)    
k1  0.41515    0.01367   30.36 3.54e-14 ***
---
Signif. codes:  0 ‘***’ 0.001 ‘**’ 0.01 ‘*’ 0.05 ‘.’ 0.1 ‘ ’ 1
--
   Estimate Std. Error t value Pr(>|t|)    
k1  0.86517    0.07270   11.90 2.31e-08 ***
k2  0.19772    0.01881   10.51 1.01e-07 ***
---
  Res.Df Res.Sum Sq Df     Sum Sq F value Pr(>F)
1     14  0.0049417                             
2     13  0.0048378  1 0.00010392  0.2792 0.6061
       df       AIC
========

Pike_08_F5b_660K

   Estimate Std. Error t value Pr(>|t|)    
k1  0.86162    0.02487   34.65  5.7e-15 ***
---
Signif. codes:  0 ‘***’ 0.001 ‘**’ 0.01 ‘*’ 0.05 ‘.’ 0.1 ‘ ’ 1
--
   Estimate Std. Error t value Pr(>|t|)    
k1  1.69034    0.12828   13.18 6.75e-09 ***
k2  0.43946    0.03309   13.28 6.13e-09 ***
---
  Res.Df Res.Sum Sq Df     Sum Sq F value Pr(>F)
1     14  0.0040169                             
2     13  0.0039922  1 2.4639e-05  0.0802 0.7814
       df       AIC
========

Pike_09_F1_1200K

   Estimate Std. Error t value Pr(>|t|)    
k1  0.99964    0.06403   15.61 8.43e-10 ***
---
Signif. codes:  0 ‘***’ 0.001 ‘**’ 0.01 ‘*’ 0.05 ‘.’ 0.1 ‘ ’ 1
--
   Estimate Std. Error t value Pr(>|t|)    
k1  2.61536    0.33693   7.762 5.11e-06 ***
k2  0.37339    0.04964   7.521 7.03e-06 ***
---
  Res.Df Res.Sum Sq Df    Sum Sq F value  Pr(>F)  
1     13   0.017782                               
2     12   0.012303  1 0.0054793  5.3443 0.03935 *
---
========

Pike_09_F1_187K

   Estimate Std. Error t value Pr(>|t|)    
k1  1.69689    0.05967   28.44 8.72e-14 ***
---
Signif. codes:  0 ‘***’ 0.001 ‘**’ 0.01 ‘*’ 0.05 ‘.’ 0.1 ‘ ’ 1
--
   Estimate Std. Error t value Pr(>|t|)    
k1  3.17303    0.28233   11.24 4.57e-08 ***
k2  0.90614    0.08097   11.19 4.80e-08 ***
---
  Res.Df Res.Sum Sq Df     Sum Sq F value Pr(>F)
1     14  0.0061414                             
2     13  0.0058377  1 0.00030371  0.6763 0.4257
       df       AIC
========

Pike_09_F1_20K

   Estimate Std. Error t value Pr(>|t|)    
k1   3.1390     0.2181   14.39 8.79e-10 ***
---
Signif. codes:  0 ‘***’ 0.001 ‘**’ 0.01 ‘*’ 0.05 ‘.’ 0.1 ‘ ’ 1
--
   Estimate Std. Error t value Pr(>|t|)    
k1   4.1520     0.7122    5.83 5.88e-05 ***
k2   2.2416     0.3575    6.27 2.88e-05 ***
---
  Res.Df Res.Sum Sq Df    Sum Sq F value  Pr(>F)  
1     14   0.021214                               
2     13   0.013543  1 0.0076712  7.3635 0.01773 *
---
========

Pike_09_F2_1300K

   Estimate Std. Error t value Pr(>|t|)    
k1  1.43735    0.07407   19.41 1.62e-11 ***
---
Signif. codes:  0 ‘***’ 0.001 ‘**’ 0.01 ‘*’ 0.05 ‘.’ 0.1 ‘ ’ 1
--
   Estimate Std. Error t value Pr(>|t|)    
k1  3.51077    0.38859   9.035 5.77e-07 ***
k2  0.57838    0.06433   8.990 6.10e-07 ***
---
  Res.Df Res.Sum Sq Df    Sum Sq F value  Pr(>F)  
1     14  0.0125828                               
2     13  0.0095686  1 0.0030142  4.0951 0.06407 .
---
========

Pike_09_F2_13K

   Estimate Std. Error t value Pr(>|t|)    
k1   4.2223     0.2142   19.71 4.55e-11 ***
---
Signif. codes:  0 ‘***’ 0.001 ‘**’ 0.01 ‘*’ 0.05 ‘.’ 0.1 ‘ ’ 1
--
   Estimate Std. Error t value Pr(>|t|)    
k1   8.3035     1.1456   7.248 1.02e-05 ***
k2   2.1492     0.3151   6.821 1.85e-05 ***
---
  Res.Df Res.Sum Sq Df     Sum Sq F value Pr(>F)
1     13   0.013236                             
2     12   0.013216  1 1.9409e-05  0.0176 0.8966
       df       AIC
========

Pike_09_F2_98K

   Estimate Std. Error t value Pr(>|t|)    
k1  2.60335    0.08588   30.31 3.61e-14 ***
---
Signif. codes:  0 ‘***’ 0.001 ‘**’ 0.01 ‘*’ 0.05 ‘.’ 0.1 ‘ ’ 1
--
   Estimate Std. Error t value Pr(>|t|)    
k1   4.9579     0.4116   12.04 2.00e-08 ***
k2   1.3705     0.1188   11.54 3.34e-08 ***
---
  Res.Df Res.Sum Sq Df     Sum Sq F value Pr(>F)
1     14  0.0060615                             
2     13  0.0058705  1 0.00019106  0.4231 0.5267
       df       AIC
========

Pike_09_F3a_150K

   Estimate Std. Error t value Pr(>|t|)    
k1  0.75727    0.03998   18.94 2.63e-10 ***
---
Signif. codes:  0 ‘***’ 0.001 ‘**’ 0.01 ‘*’ 0.05 ‘.’ 0.1 ‘ ’ 1
--
   Estimate Std. Error t value Pr(>|t|)    
k1  1.34954    0.17998   7.498 1.20e-05 ***
k2  0.43422    0.06575   6.605 3.84e-05 ***
---
  Res.Df Res.Sum Sq Df     Sum Sq F value Pr(>F)
1     12  0.0102100                             
2     11  0.0094003  1 0.00080965  0.9474 0.3513
       df       AIC
========

Pike_09_F3a_22K

   Estimate Std. Error t value Pr(>|t|)    
k1 0.328221   0.008158   40.23 7.17e-16 ***
---
Signif. codes:  0 ‘***’ 0.001 ‘**’ 0.01 ‘*’ 0.05 ‘.’ 0.1 ‘ ’ 1
--
   Estimate Std. Error t value Pr(>|t|)    
k1  0.62522    0.03997   15.64 8.23e-10 ***
k2  0.17369    0.01264   13.74 4.06e-09 ***
---
  Res.Df Res.Sum Sq Df     Sum Sq F value Pr(>F)
1     14  0.0028016                             
2     13  0.0026600  1 0.00014161  0.6921 0.4205
       df       AIC
========

Pike_09_F3a_485K

   Estimate Std. Error t value Pr(>|t|)    
k1  1.34825    0.08142   16.56 1.37e-10 ***
---
Signif. codes:  0 ‘***’ 0.001 ‘**’ 0.01 ‘*’ 0.05 ‘.’ 0.1 ‘ ’ 1
--
   Estimate Std. Error t value Pr(>|t|)    
k1   1.7062     0.1774   9.615 2.83e-07 ***
k2   1.1016     0.1168   9.429 3.54e-07 ***
---
  Res.Df Res.Sum Sq Df   Sum Sq F value    Pr(>F)    
1     14  0.0184810                                  
2     13  0.0058705  1 0.012611  27.925 0.0001478 ***
---
========

Pike_09_F3b_112K

   Estimate Std. Error t value Pr(>|t|)    
k1  0.63981    0.02835   22.57 8.22e-12 ***
---
Signif. codes:  0 ‘***’ 0.001 ‘**’ 0.01 ‘*’ 0.05 ‘.’ 0.1 ‘ ’ 1
--
   Estimate Std. Error t value Pr(>|t|)    
k1  1.67253    0.13243   12.63 2.73e-08 ***
k2  0.24876    0.01894   13.14 1.75e-08 ***
---
  Res.Df Res.Sum Sq Df    Sum Sq F value  Pr(>F)   
1     13  0.0092987                                
2     12  0.0046191  1 0.0046797  12.157 0.00449 **
---
========

Pike_09_F3b_14K

   Estimate Std. Error t value Pr(>|t|)    
k1  0.31864    0.01295   24.61 2.74e-12 ***
---
Signif. codes:  0 ‘***’ 0.001 ‘**’ 0.01 ‘*’ 0.05 ‘.’ 0.1 ‘ ’ 1
--
   Estimate Std. Error t value Pr(>|t|)    
k1  0.78313    0.06985  11.212 1.03e-07 ***
k2  0.12616    0.01343   9.394 7.01e-07 ***
---
  Res.Df Res.Sum Sq Df    Sum Sq F value  Pr(>F)  
1     13   0.007400                               
2     12   0.005089  1 0.0023109  5.4492 0.03777 *
---
========

Pike_09_F3b_263K

   Estimate Std. Error t value Pr(>|t|)    
k1  1.04802    0.04238   24.73 5.95e-13 ***
---
Signif. codes:  0 ‘***’ 0.001 ‘**’ 0.01 ‘*’ 0.05 ‘.’ 0.1 ‘ ’ 1
--
   Estimate Std. Error t value Pr(>|t|)    
k1  1.75818    0.17515   10.04 1.72e-07 ***
k2  0.61709    0.05902   10.46 1.07e-07 ***
---
  Res.Df Res.Sum Sq Df   Sum Sq F value  Pr(>F)  
1     14  0.0085718                              
2     13  0.0066488  1 0.001923    3.76 0.07451 .
---
========

Pike_09_F4_166K

   Estimate Std. Error t value Pr(>|t|)    
k1  1.32743    0.03764   35.27 2.71e-14 ***
---
Signif. codes:  0 ‘***’ 0.001 ‘**’ 0.01 ‘*’ 0.05 ‘.’ 0.1 ‘ ’ 1
--
   Estimate Std. Error t value Pr(>|t|)    
k1  2.30214    0.14952   15.40 2.88e-09 ***
k2  0.75803    0.04677   16.21 1.60e-09 ***
---
  Res.Df Res.Sum Sq Df    Sum Sq F value  Pr(>F)  
1     13  0.0037601                               
2     12  0.0025318  1 0.0012283  5.8216 0.03274 *
---
========

Pike_09_F4_42K

   Estimate Std. Error t value Pr(>|t|)    
k1  1.04802    0.04238   24.73 5.95e-13 ***
---
Signif. codes:  0 ‘***’ 0.001 ‘**’ 0.01 ‘*’ 0.05 ‘.’ 0.1 ‘ ’ 1
--
   Estimate Std. Error t value Pr(>|t|)    
k1  1.75818    0.17515   10.04 1.72e-07 ***
k2  0.61709    0.05902   10.46 1.07e-07 ***
---
  Res.Df Res.Sum Sq Df   Sum Sq F value  Pr(>F)  
1     14  0.0085718                              
2     13  0.0066488  1 0.001923    3.76 0.07451 .
---
========

Pike_09_F4_685K

   Estimate Std. Error t value Pr(>|t|)    
k1   1.5772     0.0831   18.98 2.18e-11 ***
---
Signif. codes:  0 ‘***’ 0.001 ‘**’ 0.01 ‘*’ 0.05 ‘.’ 0.1 ‘ ’ 1
--
   Estimate Std. Error t value Pr(>|t|)    
k1   2.4033     0.2958   8.126 1.88e-06 ***
k2   1.0392     0.1240   8.381 1.34e-06 ***
---
  Res.Df Res.Sum Sq Df    Sum Sq F value  Pr(>F)  
1     14  0.0136592                               
2     13  0.0091642  1 0.0044949  6.3763 0.02536 *
---
========

Pike_09_F5a_31K

   Estimate Std. Error t value Pr(>|t|)    
k1 0.109714   0.006765   16.22  1.8e-10 ***
---
Signif. codes:  0 ‘***’ 0.001 ‘**’ 0.01 ‘*’ 0.05 ‘.’ 0.1 ‘ ’ 1
--
   Estimate Std. Error t value Pr(>|t|)    
k1  0.18820    0.03629   5.186 0.000175 ***
k2  0.07087    0.01988   3.564 0.003461 ** 
---
  Res.Df Res.Sum Sq Df     Sum Sq F value Pr(>F)
1     14   0.015067                             
2     13   0.014157  1 0.00091001  0.8356 0.3773
       df       AIC
========

Pike_09_F5a_325K

   Estimate Std. Error t value Pr(>|t|)    
k1  0.40837    0.01969   20.74 6.58e-12 ***
---
Signif. codes:  0 ‘***’ 0.001 ‘**’ 0.01 ‘*’ 0.05 ‘.’ 0.1 ‘ ’ 1
--
   Estimate Std. Error t value Pr(>|t|)    
k1  0.68710    0.08840   7.773 3.06e-06 ***
k2  0.24603    0.03174   7.753 3.15e-06 ***
---
  Res.Df Res.Sum Sq Df    Sum Sq F value Pr(>F)
1     14   0.012198                            
2     13   0.010326  1 0.0018711  2.3556 0.1488
       df       AIC
========

Pike_09_F5a_974K

   Estimate Std. Error t value Pr(>|t|)    
k1  0.59565    0.02558   23.28 5.54e-12 ***
---
Signif. codes:  0 ‘***’ 0.001 ‘**’ 0.01 ‘*’ 0.05 ‘.’ 0.1 ‘ ’ 1
--
   Estimate Std. Error t value Pr(>|t|)    
k1  0.98499    0.10314   9.550 5.88e-07 ***
k2  0.36266    0.03722   9.745 4.73e-07 ***
---
  Res.Df Res.Sum Sq Df    Sum Sq F value  Pr(>F)  
1     13  0.0087123                               
2     12  0.0064129  1 0.0022995  4.3028 0.06023 .
---
========

Pike_09_F5b_190K

   Estimate Std. Error t value Pr(>|t|)    
k1  1.48899    0.04755   31.31 2.31e-14 ***
---
Signif. codes:  0 ‘***’ 0.001 ‘**’ 0.01 ‘*’ 0.05 ‘.’ 0.1 ‘ ’ 1
--
   Estimate Std. Error t value Pr(>|t|)    
k1  3.30546    0.24382   13.56 4.78e-09 ***
k2  0.67175    0.04774   14.07 3.03e-09 ***
---
  Res.Df Res.Sum Sq Df     Sum Sq F value Pr(>F)
1     14  0.0050564                             
2     13  0.0042430  1 0.00081338  2.4921 0.1384
       df       AIC
========

Pike_11f_3b_12k

   Estimate Std. Error t value Pr(>|t|)    
k1   2.8818     0.1439   20.02  3.1e-12 ***
---
Signif. codes:  0 ‘***’ 0.001 ‘**’ 0.01 ‘*’ 0.05 ‘.’ 0.1 ‘ ’ 1
--
   Estimate Std. Error t value Pr(>|t|)    
k1   6.3899     0.7863   8.127 1.14e-06 ***
k2   1.3176     0.1530   8.611 5.76e-07 ***
---
  Res.Df Res.Sum Sq Df     Sum Sq F value Pr(>F)
1     15   0.012927                             
2     14   0.012265  1 0.00066216  0.7558 0.3993
       df       AIC
========

Pike_11f_3b_1600k

   Estimate Std. Error t value Pr(>|t|)    
k1    1.515      0.074   20.47 7.83e-12 ***
---
Signif. codes:  0 ‘***’ 0.001 ‘**’ 0.01 ‘*’ 0.05 ‘.’ 0.1 ‘ ’ 1
--
   Estimate Std. Error t value Pr(>|t|)    
k1   2.5900     0.3252   7.964 2.35e-06 ***
k2   0.8760     0.1057   8.286 1.52e-06 ***
---
  Res.Df Res.Sum Sq Df    Sum Sq F value Pr(>F)
1     14   0.011762                            
2     13   0.010280  1 0.0014826  1.8749 0.1941
       df       AIC
========

Pike_11f_3b_387k

   Estimate Std. Error t value Pr(>|t|)    
k1   2.8818     0.1439   20.02  3.1e-12 ***
---
Signif. codes:  0 ‘***’ 0.001 ‘**’ 0.01 ‘*’ 0.05 ‘.’ 0.1 ‘ ’ 1
--
   Estimate Std. Error t value Pr(>|t|)    
k1   6.3899     0.7863   8.127 1.14e-06 ***
k2   1.3176     0.1530   8.611 5.76e-07 ***
---
  Res.Df Res.Sum Sq Df     Sum Sq F value Pr(>F)
1     15   0.012927                             
2     14   0.012265  1 0.00066216  0.7558 0.3993
       df       AIC
========

Pike_11f_3c_1200k

   Estimate Std. Error t value Pr(>|t|)    
k1   1.9829     0.1577   12.57 1.19e-08 ***
---
Signif. codes:  0 ‘***’ 0.001 ‘**’ 0.01 ‘*’ 0.05 ‘.’ 0.1 ‘ ’ 1
--
   Estimate Std. Error t value Pr(>|t|)    
k1   3.8598     0.8069   4.783 0.000446 ***
k2   1.0192     0.2044   4.986 0.000317 ***
---
  Res.Df Res.Sum Sq Df     Sum Sq F value Pr(>F)
1     13   0.025479                             
2     12   0.025436  1 4.2672e-05  0.0201 0.8895
       df       AIC
========

Pike_11f_3c_187k

   Estimate Std. Error t value Pr(>|t|)    
k1   3.0181     0.2289   13.19 6.69e-09 ***
---
Signif. codes:  0 ‘***’ 0.001 ‘**’ 0.01 ‘*’ 0.05 ‘.’ 0.1 ‘ ’ 1
--
   Estimate Std. Error t value Pr(>|t|)    
k1   8.3984     1.3551   6.197  4.6e-05 ***
k2   1.1439     0.1653   6.922  1.6e-05 ***
---
  Res.Df Res.Sum Sq Df    Sum Sq F value Pr(>F)  
1     13   0.023109                              
2     12   0.016592  1 0.0065171  4.7135 0.0507 .
---
========

Pike_11f_3c_18k

   Estimate Std. Error t value Pr(>|t|)    
k1   4.0845     0.3146   12.98 5.16e-08 ***
---
Signif. codes:  0 ‘***’ 0.001 ‘**’ 0.01 ‘*’ 0.05 ‘.’ 0.1 ‘ ’ 1
--
   Estimate Std. Error t value Pr(>|t|)    
k1   9.9201     2.1996   4.510  0.00113 ** 
k2   1.7675     0.3084   5.732  0.00019 ***
---
  Res.Df Res.Sum Sq Df  Sum Sq F value Pr(>F)
1     11   0.017611                          
2     10   0.016292  1 0.00132  0.8102 0.3892
       df       AIC
========

Pike_11f_5a_14k

   Estimate Std. Error t value Pr(>|t|)    
k1  0.58093    0.02221   26.16 5.96e-12 ***
---
Signif. codes:  0 ‘***’ 0.001 ‘**’ 0.01 ‘*’ 0.05 ‘.’ 0.1 ‘ ’ 1
--
   Estimate Std. Error t value Pr(>|t|)    
k1  1.43008    0.09370   15.26 9.49e-09 ***
k2  0.23484    0.01581   14.85 1.26e-08 ***
---
  Res.Df Res.Sum Sq Df    Sum Sq F value Pr(>F)   
1     12  0.0051467                               
2     11  0.0025286  1 0.0026181  11.389 0.0062 **
---
========

Pike_11f_5a_185k

   Estimate Std. Error t value Pr(>|t|)    
k1  0.55095    0.01665   33.09 6.18e-14 ***
---
Signif. codes:  0 ‘***’ 0.001 ‘**’ 0.01 ‘*’ 0.05 ‘.’ 0.1 ‘ ’ 1
--
   Estimate Std. Error t value Pr(>|t|)    
k1  1.11025    0.08918   12.45 3.21e-08 ***
k2  0.27334    0.02177   12.56 2.91e-08 ***
---
  Res.Df Res.Sum Sq Df     Sum Sq F value Pr(>F)
1     13  0.0043222                             
2     12  0.0043183  1 3.8823e-06  0.0108  0.919
       df       AIC
========

Pike_11f_5a_591k

   Estimate Std. Error t value Pr(>|t|)    
k1  0.71662    0.03512   20.41  1.1e-10 ***
---
Signif. codes:  0 ‘***’ 0.001 ‘**’ 0.01 ‘*’ 0.05 ‘.’ 0.1 ‘ ’ 1
--
   Estimate Std. Error t value Pr(>|t|)    
k1  1.11673    0.13007   8.586 3.32e-06 ***
k2  0.46704    0.05558   8.404 4.08e-06 ***
---
  Res.Df Res.Sum Sq Df    Sum Sq F value  Pr(>F)  
1     12  0.0096625                               
2     11  0.0063187  1 0.0033438  5.8212 0.03445 *
---
========

Pike_11f_5b_1400k

   Estimate Std. Error t value Pr(>|t|)    
k1  0.91738    0.05531   16.59 3.98e-10 ***
---
Signif. codes:  0 ‘***’ 0.001 ‘**’ 0.01 ‘*’ 0.05 ‘.’ 0.1 ‘ ’ 1
--
   Estimate Std. Error t value Pr(>|t|)    
k1  1.14982    0.12128   9.481 6.35e-07 ***
k2  0.70943    0.07224   9.820 4.36e-07 ***
---
  Res.Df Res.Sum Sq Df   Sum Sq F value    Pr(>F)    
1     13  0.0164572                                  
2     12  0.0051499  1 0.011307  26.348 0.0002479 ***
---
========

Pike_11f_5b_24k

   Estimate Std. Error t value Pr(>|t|)    
k1   1.7162     0.1088   15.78  2.6e-10 ***
---
Signif. codes:  0 ‘***’ 0.001 ‘**’ 0.01 ‘*’ 0.05 ‘.’ 0.1 ‘ ’ 1
--
   Estimate Std. Error t value Pr(>|t|)    
k1   2.3905     0.3580   6.678 1.52e-05 ***
k2   1.2062     0.1753   6.882 1.11e-05 ***
---
  Res.Df Res.Sum Sq Df    Sum Sq F value  Pr(>F)  
1     14   0.020253                               
2     13   0.012909  1 0.0073434   7.395 0.01753 *
---
========

Pike_11f_5b_348k

   Estimate Std. Error t value Pr(>|t|)    
k1  1.03109    0.08412   12.26 7.12e-09 ***
---
Signif. codes:  0 ‘***’ 0.001 ‘**’ 0.01 ‘*’ 0.05 ‘.’ 0.1 ‘ ’ 1
--
   Estimate Std. Error t value Pr(>|t|)    
k1   1.0032     0.1523   6.588 1.75e-05 ***
k2   1.0051     0.1490   6.745 1.37e-05 ***
---
  Res.Df Res.Sum Sq Df   Sum Sq F value    Pr(>F)    
1     14   0.033598                                  
2     13   0.009425  1 0.024173   33.34 6.446e-05 ***
---
========

Pike_11f_7a_20k

   Estimate Std. Error t value Pr(>|t|)    
k1  0.80645    0.03121   25.84 3.25e-13 ***
---
Signif. codes:  0 ‘***’ 0.001 ‘**’ 0.01 ‘*’ 0.05 ‘.’ 0.1 ‘ ’ 1
--
   Estimate Std. Error t value Pr(>|t|)    
k1  1.47893    0.15140   9.769 2.36e-07 ***
k2  0.43902    0.04313  10.179 1.46e-07 ***
---
  Res.Df Res.Sum Sq Df     Sum Sq F value Pr(>F)
1     14  0.0076956                             
2     13  0.0072164  1 0.00047914  0.8631 0.3698
       df       AIC
========

Pike_11f_7a_322k

   Estimate Std. Error t value Pr(>|t|)    
k1  0.38131    0.01759   21.68 1.37e-11 ***
---
Signif. codes:  0 ‘***’ 0.001 ‘**’ 0.01 ‘*’ 0.05 ‘.’ 0.1 ‘ ’ 1
--
   Estimate Std. Error t value Pr(>|t|)    
k1  0.73896    0.09331   7.919 4.17e-06 ***
k2  0.19708    0.02524   7.808 4.82e-06 ***
---
  Res.Df Res.Sum Sq Df     Sum Sq F value Pr(>F)
1     13  0.0100454                             
2     12  0.0099829  1 6.2475e-05  0.0751 0.7887
       df       AIC
========

Pike_11f_7a_645k

   Estimate Std. Error t value Pr(>|t|)    
k1 0.287157   0.005247   54.72   <2e-16 ***
---
Signif. codes:  0 ‘***’ 0.001 ‘**’ 0.01 ‘*’ 0.05 ‘.’ 0.1 ‘ ’ 1
--
   Estimate Std. Error t value Pr(>|t|)    
k1 0.576119   0.028885   19.95 3.93e-11 ***
k2 0.143089   0.007637   18.74 8.64e-11 ***
---
  Res.Df Res.Sum Sq Df     Sum Sq F value Pr(>F)
1     14  0.0016815                             
2     13  0.0016809  1 6.1189e-07  0.0047 0.9462
       df       AIC
========

Pike_11f_7b_83k

   Estimate Std. Error t value Pr(>|t|)    
k1  2.56576    0.09082   28.25 9.54e-14 ***
---
Signif. codes:  0 ‘***’ 0.001 ‘**’ 0.01 ‘*’ 0.05 ‘.’ 0.1 ‘ ’ 1
--
   Estimate Std. Error t value Pr(>|t|)    
k1   5.3519     0.4853   11.03 5.71e-08 ***
k2   1.2335     0.1049   11.76 2.67e-08 ***
---
  Res.Df Res.Sum Sq Df     Sum Sq F value Pr(>F)
1     14  0.0059019                             
2     13  0.0057867  1 0.00011528   0.259 0.6193
       df       AIC
========

wof_kd

   Estimate Std. Error t value Pr(>|t|)    
k1  0.64272    0.05623   11.43 2.51e-14 ***
---
Signif. codes:  0 ‘***’ 0.001 ‘**’ 0.01 ‘*’ 0.05 ‘.’ 0.1 ‘ ’ 1
--
   Estimate Std. Error t value Pr(>|t|)    
k1   0.8530     0.1974   4.321 9.98e-05 ***
k2   0.5096     0.1311   3.886 0.000374 ***
---
  Res.Df Res.Sum Sq Df  Sum Sq F value  Pr(>F)  
1     41    0.29886                             
2     40    0.27045  1 0.02841   4.202 0.04697 *
---
========

wof_wt

   Estimate Std. Error t value Pr(>|t|)    
k1 0.077978   0.005185   15.04   <2e-16 ***
---
Signif. codes:  0 ‘***’ 0.001 ‘**’ 0.01 ‘*’ 0.05 ‘.’ 0.1 ‘ ’ 1
--
   Estimate Std. Error t value Pr(>|t|)    
k1 0.170322   0.026811   6.353 2.66e-07 ***
k2 0.035860   0.005941   6.036 6.92e-07 ***
---
  Res.Df Res.Sum Sq Df   Sum Sq F value Pr(>F)
1     36    0.14117                           
2     35    0.13980  1 0.001372  0.3435 0.5616
       df       AIC
========

yard_dimer

   Estimate Std. Error t value Pr(>|t|)    
k1 0.034588   0.001082   31.97   <2e-16 ***
---
Signif. codes:  0 ‘***’ 0.001 ‘**’ 0.01 ‘*’ 0.05 ‘.’ 0.1 ‘ ’ 1
--
   Estimate Std. Error t value Pr(>|t|)    
k1 0.071708   0.005609   12.78 1.81e-10 ***
k2 0.016684   0.001308   12.76 1.87e-10 ***
---
  Res.Df Res.Sum Sq Df     Sum Sq F value Pr(>F)
1     19  0.0070133                             
2     18  0.0069143  1 9.9036e-05  0.2578 0.6178
       df       AIC
========

yard_no-linker

   Estimate Std. Error t value Pr(>|t|)    
k1 0.015200   0.001118   13.59 3.08e-11 ***
---
Signif. codes:  0 ‘***’ 0.001 ‘**’ 0.01 ‘*’ 0.05 ‘.’ 0.1 ‘ ’ 1
--
   Estimate Std. Error t value Pr(>|t|)    
k1 0.017340   0.002738   6.333 5.74e-06 ***
k2 0.012720   0.001974   6.445 4.59e-06 ***
---
  Res.Df Res.Sum Sq Df   Sum Sq F value    Pr(>F)    
1     19   0.041445                                  
2     18   0.020572  1 0.020872  18.263 0.0004572 ***
---
========

