This is LuaTeX, Version beta-0.80.0 (TeX Live 2015) (rev 5238)  (format=lualatex 2015.5.24)  24 APR 2016 12:47
 restricted \write18 enabled.
 file:line:error style messages enabled.
**derivations.tex
(./derivations.tex
LaTeX2e <2015/01/01>
Babel <3.9l> and hyphenation patterns for 79 languages loaded.
./derivations.tex:1: Undefined control sequence.
l.1 \section
          {Derivations}
The control sequence at the end of the top line
of your error message was never \def'ed. If you have
misspelled it (e.g., `\hobx'), type `I' and the correct
spelling (e.g., `I\hbox'). Otherwise just continue,
and I'll forget about whatever was undefined.


./derivations.tex:1: LaTeX Error: Missing \begin{document}.

See the LaTeX manual or LaTeX Companion for explanation.
Type  H <return>  for immediate help.
 ...                                              
                                                  
l.1 \section{D
            erivations}
You're in trouble here.  Try typing  <return>  to proceed.
If that doesn't work, type  X <return>  to quit.


Overfull \hbox (20.0pt too wide) in paragraph at lines 1--2
[][]Derivations 
 []

./derivations.tex:3: Undefined control sequence.
l.3 \subsection
             {One-Site Receptor}
The control sequence at the end of the top line
of your error message was never \def'ed. If you have
misspelled it (e.g., `\hobx'), type `I' and the correct
spelling (e.g., `I\hbox'). Otherwise just continue,
and I'll forget about whatever was undefined.


./derivations.tex:3: LaTeX Error: Missing \begin{document}.

See the LaTeX manual or LaTeX Companion for explanation.
Type  H <return>  for immediate help.
 ...                                              
                                                  
l.3 \subsection{O
               ne-Site Receptor}
You're in trouble here.  Try typing  <return>  to proceed.
If that doesn't work, type  X <return>  to quit.


Overfull \hbox (20.0pt too wide) in paragraph at lines 3--5
[][]One-Site
 []


./derivations.tex:6: LaTeX Error: Missing \begin{document}.

See the LaTeX manual or LaTeX Companion for explanation.
Type  H <return>  for immediate help.
 ...                                              
                                                  
l.6 \begin{equation}
                  
You're in trouble here.  Try typing  <return>  to proceed.
If that doesn't work, type  X <return>  to quit.


Overfull \hbox (20.0pt too wide) in paragraph at lines 6--6
[][] 
 []

LaTeX Font Info:    External font `cmex10' loaded for size
(Font)              <7> on input line 6.
LaTeX Font Info:    External font `cmex10' loaded for size
(Font)              <5> on input line 6.
./derivations.tex:7: Undefined control sequence.
l.7 \ce
     {R + L <=> RL}\
The control sequence at the end of the top line
of your error message was never \def'ed. If you have
misspelled it (e.g., `\hobx'), type `I' and the correct
spelling (e.g., `I\hbox'). Otherwise just continue,
and I'll forget about whatever was undefined.


Overfull \hbox (70.06241pt too wide) detected at line 8
[]
 []


./derivations.tex:10: LaTeX Error: Missing \begin{document}.

See the LaTeX manual or LaTeX Companion for explanation.
Type  H <return>  for immediate help.
 ...                                              
                                                  
l.10 \begin{equation}
                   
You're in trouble here.  Try typing  <return>  to proceed.
If that doesn't work, type  X <return>  to quit.


Overfull \hbox (20.0pt too wide) in paragraph at lines 10--10
[][] 
 []

./derivations.tex:11: Undefined control sequence.
<argument> \text 
      {[RL]}
l.11 	\frac{\text{[RL]}}{\text{[R][L]}}
                                      = K_a
The control sequence at the end of the top line
of your error message was never \def'ed. If you have
misspelled it (e.g., `\hobx'), type `I' and the correct
spelling (e.g., `I\hbox'). Otherwise just continue,
and I'll forget about whatever was undefined.

./derivations.tex:11: Undefined control sequence.
<argument> \text 
      {[R][L]}
l.11 	\frac{\text{[RL]}}{\text{[R][L]}}
                                      = K_a
The control sequence at the end of the top line
of your error message was never \def'ed. If you have
misspelled it (e.g., `\hobx'), type `I' and the correct
spelling (e.g., `I\hbox'). Otherwise just continue,
and I'll forget about whatever was undefined.


Overfull \hbox (54.65079pt too wide) detected at line 12
[] \OT1/cmr/m/n/10 = \OML/cmm/m/it/10 K[]
 []


./derivations.tex:14: LaTeX Error: Missing \begin{document}.

See the LaTeX manual or LaTeX Companion for explanation.
Type  H <return>  for immediate help.
 ...                                              
                                                  
l.14 \begin{equation}
                   
You're in trouble here.  Try typing  <return>  to proceed.
If that doesn't work, type  X <return>  to quit.


Overfull \hbox (20.0pt too wide) in paragraph at lines 14--14
[][] 
 []

./derivations.tex:15: Undefined control sequence.
<argument> \text 
      {[bound ligand]}
l.15 ...xt{[bound ligand]}}{\text{[total receptor]}}
                                                  
The control sequence at the end of the top line
of your error message was never \def'ed. If you have
misspelled it (e.g., `\hobx'), type `I' and the correct
spelling (e.g., `I\hbox'). Otherwise just continue,
and I'll forget about whatever was undefined.

./derivations.tex:15: Undefined control sequence.
<argument> \text 
      {[total receptor]}
l.15 ...xt{[bound ligand]}}{\text{[total receptor]}}
                                                  
The control sequence at the end of the top line
of your error message was never \def'ed. If you have
misspelled it (e.g., `\hobx'), type `I' and the correct
spelling (e.g., `I\hbox'). Otherwise just continue,
and I'll forget about whatever was undefined.


Overfull \hbox (84.10951pt too wide) detected at line 16
[] \OT1/cmr/m/n/10 = []
 []


./derivations.tex:18: LaTeX Error: Missing \begin{document}.

See the LaTeX manual or LaTeX Companion for explanation.
Type  H <return>  for immediate help.
 ...                                              
                                                  
l.18 \begin{equation}
                   
You're in trouble here.  Try typing  <return>  to proceed.
If that doesn't work, type  X <return>  to quit.


Overfull \hbox (20.0pt too wide) in paragraph at lines 18--18
[][] 
 []

./derivations.tex:19: Undefined control sequence.
<argument> \text 
      [RL]
l.19 	\bar{\nu} = \frac{\text[RL]}{\text{[R]+[RL]}}
                                                  = \frac{K_a \text{[L]}}{1+...
The control sequence at the end of the top line
of your error message was never \def'ed. If you have
misspelled it (e.g., `\hobx'), type `I' and the correct
spelling (e.g., `I\hbox'). Otherwise just continue,
and I'll forget about whatever was undefined.

./derivations.tex:19: Undefined control sequence.
<argument> \text 
      {[R]+[RL]}
l.19 	\bar{\nu} = \frac{\text[RL]}{\text{[R]+[RL]}}
                                                  = \frac{K_a \text{[L]}}{1+...
The control sequence at the end of the top line
of your error message was never \def'ed. If you have
misspelled it (e.g., `\hobx'), type `I' and the correct
spelling (e.g., `I\hbox'). Otherwise just continue,
and I'll forget about whatever was undefined.

./derivations.tex:19: Undefined control sequence.
<argument> K_a \text 
          {[L]}
l.19 ...L]}} = \frac{K_a \text{[L]}}{1+K_a \text[L]}
                                                  
The control sequence at the end of the top line
of your error message was never \def'ed. If you have
misspelled it (e.g., `\hobx'), type `I' and the correct
spelling (e.g., `I\hbox'). Otherwise just continue,
and I'll forget about whatever was undefined.

./derivations.tex:19: Undefined control sequence.
<argument> 1+K_a \text 
            [L]
l.19 ...L]}} = \frac{K_a \text{[L]}}{1+K_a \text[L]}
                                                  
The control sequence at the end of the top line
of your error message was never \def'ed. If you have
misspelled it (e.g., `\hobx'), type `I' and the correct
spelling (e.g., `I\hbox'). Otherwise just continue,
and I'll forget about whatever was undefined.


Overfull \hbox (125.43597pt too wide) detected at line 20
[] \OT1/cmr/m/n/10 = [] = []
 []


./derivations.tex:22: LaTeX Error: The font size command \normalsize is not def
ined:
               there is probably something wrong with the class file.

See the LaTeX manual or LaTeX Companion for explanation.
Type  H <return>  for immediate help.
 ...                                              
                                                  
l.22 \clearpage
             
Your command was ignored.
Type  I <command> <return>  to replace it with another command,
or  <return>  to continue without it.

[1
Missing character: There is no D (U+0044) in font nullfont!
Missing character: There is no e (U+0065) in font nullfont!
Missing character: There is no r (U+0072) in font nullfont!
Missing character: There is no i (U+0069) in font nullfont!
Missing character: There is no v (U+0076) in font nullfont!
Missing character: There is no a (U+0061) in font nullfont!
Missing character: There is no t (U+0074) in font nullfont!
Missing character: There is no i (U+0069) in font nullfont!
Missing character: There is no o (U+006F) in font nullfont!
Missing character: There is no n (U+006E) in font nullfont!
Missing character: There is no s (U+0073) in font nullfont!
Missing character: There is no O (U+004F) in font nullfont!
Missing character: There is no n (U+006E) in font nullfont!
Missing character: There is no e (U+0065) in font nullfont!
Missing character: There is no - (U+002D) in font nullfont!
Missing character: There is no S (U+0053) in font nullfont!
Missing character: There is no i (U+0069) in font nullfont!
Missing character: There is no t (U+0074) in font nullfont!
Missing character: There is no e (U+0065) in font nullfont!
Missing character: There is no R (U+0052) in font nullfont!
Missing character: There is no e (U+0065) in font nullfont!
Missing character: There is no c (U+0063) in font nullfont!
Missing character: There is no e (U+0065) in font nullfont!
Missing character: There is no p (U+0070) in font nullfont!
Missing character: There is no t (U+0074) in font nullfont!
Missing character: There is no o (U+006F) in font nullfont!
Missing character: There is no r (U+0072) in font nullfont!

./derivations.tex:22: Undefined control sequence.
<write> \newlabel{app:klotz1}{{}{\thepage 
                                  }}
l.22 \clearpage
             
The control sequence at the end of the top line
of your error message was never \def'ed. If you have
misspelled it (e.g., `\hobx'), type `I' and the correct
spelling (e.g., `I\hbox'). Otherwise just continue,
and I'll forget about whatever was undefined.

\newlabel{app:klotz1}{{}{}}
{/usr/local/texlive/2015/texmf-var/fonts/map/pdftex/updmap/pdftex.map}])
! Emergency stop.
<*> derivations.tex
                
*** (job aborted, no legal \end found)



Here is how much of LuaTeX's memory you used:
 23 strings out of 494693
 100000,89155 words of node,token memory allocated 193 words of node memory still in use:
   31 glue_spec, 1 write, 1 dir nodes
   avail lists: 1:1,2:12,3:53,4:96,5:24,6:130,7:5,9:70,10:1
 3866 multiletter control sequences out of 65536+600000
 25 fonts using 994519 bytes
 18i,4n,12p,103b,117s stack positions out of 5000i,500n,10000p,200000b,100000s
!  ==> Fatal error occurred, no output PDF file produced!
